<?xml version="1.0" encoding="UTF-8"?>
<testng-results skipped="0" failed="0" ignored="0" total="1" passed="1">
  <reporter-output>
  </reporter-output>
  <suite name="Suite" duration-ms="34" started-at="2020-07-31T07:46:24 IST" finished-at="2020-07-31T07:46:24 IST">
    <groups>
    </groups>
    <test name="Test" duration-ms="34" started-at="2020-07-31T07:46:24 IST" finished-at="2020-07-31T07:46:24 IST">
      <class name="com.jenkin.testing.test1">
        <test-method status="PASS" signature="testing1()[pri:0, instance:com.jenkin.testing.test1@4bec1f0c]" name="testing1" duration-ms="4" started-at="2020-07-31T07:46:24 IST" finished-at="2020-07-31T07:46:24 IST">
          <reporter-output>
          </reporter-output>
        </test-method> <!-- testing1 -->
      </class> <!-- com.jenkin.testing.test1 -->
    </test> <!-- Test -->
  </suite> <!-- Suite -->
</testng-results>
